..................................                                       [100%]
================================ tests coverage ================================
_______________ coverage: platform linux, python 3.13.5-final-0 ________________

Name                     Stmts   Miss Branch BrPart  Cover   Missing
--------------------------------------------------------------------
opencrispr_designer.py     166      9     58     11    91%   68, 75, 109, 115, 119, 152->148, 173->172, 184, 206, 249, 255
sequence_sources.py        188     14     50     12    89%   53->exit, 92-93, 105-106, 116, 118, 123, 130, 168, 172, 191->188, 194-195, 226, 239->230, 242
validation.py               76     13      8      2    80%   38-39, 126-127, 132-133, 158-170, 186
--------------------------------------------------------------------
TOTAL                      430     36    116     25    88%
Coverage XML written to file coverage.xml
34 passed in 0.24s
