........................................................................ [ 91%]
.......                                                                  [100%]
================================ tests coverage ================================
_______________ coverage: platform linux, python 3.12.14-final-0 _______________

Name                     Stmts   Miss Branch BrPart  Cover   Missing
--------------------------------------------------------------------
accession_sources.py        91     15     38     12    78%   36->33, 38, 48, 57, 60, 63, 90-98, 104, 115, 123, 132->120, 136
local_screening.py         131      0     48      0   100%
opencrispr_designer.py     157      4     58      6    95%   109, 115, 119, 151->147, 177->176, 212
sequence_sources.py        240     20     90     19    88%   53->exit, 92-93, 105-106, 116, 118, 134, 148, 160, 175, 180, 183, 188, 191, 193->189, 208, 243, 248, 252, 289, 302->293, 305
validation.py               91      8     16      2    89%   129-130, 180-192
workflow.py                 30      0      8      0   100%
--------------------------------------------------------------------
TOTAL                      740     47    258     39    91%
Required test coverage of 80% reached. Total coverage: 90.98%
79 passed in 4.66s
